[debug] [2023-09-22T14:58:18.452Z] ----------------------------------------------------------------------
[debug] [2023-09-22T14:58:18.456Z] Command:       C:\Program Files\nodejs\node.exe C:\Users\arjun\AppData\Roaming\npm\node_modules\firebase-tools\lib\bin\firebase.js init
[debug] [2023-09-22T14:58:18.456Z] CLI Version:   12.5.4
[debug] [2023-09-22T14:58:18.457Z] Platform:      win32
[debug] [2023-09-22T14:58:18.457Z] Node Version:  v18.13.0
[debug] [2023-09-22T14:58:18.458Z] Time:          Fri Sep 22 2023 20:28:18 GMT+0530 (India Standard Time)
[debug] [2023-09-22T14:58:18.458Z] ----------------------------------------------------------------------
[debug] 
[debug] [2023-09-22T14:58:18.473Z] > command requires scopes: ["email","openid","https://www.googleapis.com/auth/cloudplatformprojects.readonly","https://www.googleapis.com/auth/firebase","https://www.googleapis.com/auth/cloud-platform"]
[debug] [2023-09-22T14:58:18.474Z] > authorizing via signed-in user (arjun219207choudhary@gmail.com)
[info] 
     ######## #### ########  ######## ########     ###     ######  ########
     ##        ##  ##     ## ##       ##     ##  ##   ##  ##       ##
     ######    ##  ########  ######   ########  #########  ######  ######
     ##        ##  ##    ##  ##       ##     ## ##     ##       ## ##
     ##       #### ##     ## ######## ########  ##     ##  ######  ########

You're about to initialize a Firebase project in this directory:

  D:\2023 Projects\Projects\curdapp1

[info] 
=== Project Setup
[info] 
[info] First, let's associate this project directory with a Firebase project.
[info] You can create multiple project aliases by running firebase use --add, 
[info] but for now we'll just set up a default project.
[info] 
[debug] [2023-09-22T14:58:39.724Z] >>> [apiv2][query] GET https://firebase.googleapis.com/v1beta1/projects pageSize=100
[debug] [2023-09-22T14:58:40.992Z] <<< [apiv2][status] GET https://firebase.googleapis.com/v1beta1/projects 200
[debug] [2023-09-22T14:58:40.992Z] <<< [apiv2][body] GET https://firebase.googleapis.com/v1beta1/projects [omitted]
[info] i  Using project crudapp1-6bdae (crudapp1) 
[info] 
=== Hosting Setup
[info] 
[info] Your public directory is the folder (relative to your project directory) that
[info] will contain Hosting assets to be uploaded with firebase deploy. If you
[info] have a build process for your assets, use your build's output directory.
[info] 
[debug] [2023-09-22T14:58:53.259Z] >>> [apiv2][query] GET https://www.gstatic.com/firebasejs/releases.json [none]
[debug] [2023-09-22T14:58:53.581Z] <<< [apiv2][status] GET https://www.gstatic.com/firebasejs/releases.json 200
[debug] [2023-09-22T14:58:53.581Z] <<< [apiv2][body] GET https://www.gstatic.com/firebasejs/releases.json {"current":{"version":"10.4.0","browserURL":"https://www.gstatic.com/firebasejs/10.4.0/firebase.js","packageURL":"https://www.gstatic.com/firebasejs/10.4.0/firebase.tgz"},"live":{"version":"10.4","browserURL":"https://www.gstatic.com/firebasejs/live/10.4/firebase.js","packageURL":"https://www.gstatic.com/firebasejs/live/10.4/firebase.tgz"},"components":{"analytics":"https://www.gstatic.com/firebasejs/10.4.0/firebase-analytics.js","app":"https://www.gstatic.com/firebasejs/10.4.0/firebase-app.js","app-check":"https://www.gstatic.com/firebasejs/10.4.0/firebase-app-check.js","auth":"https://www.gstatic.com/firebasejs/10.4.0/firebase-auth.js","auth/cordova":"https://www.gstatic.com/firebasejs/10.4.0/firebase-auth/cordova.js","functions":"https://www.gstatic.com/firebasejs/10.4.0/firebase-functions.js","firestore":"https://www.gstatic.com/firebasejs/10.4.0/firebase-firestore.js","firestore/lite":"https://www.gstatic.com/firebasejs/10.4.0/firebase-firestore/lite.js","installations":"https://www.gstatic.com/firebasejs/10.4.0/firebase-installations.js","storage":"https://www.gstatic.com/firebasejs/10.4.0/firebase-storage.js","performance":"https://www.gstatic.com/firebasejs/10.4.0/firebase-performance.js","remote-config":"https://www.gstatic.com/firebasejs/10.4.0/firebase-remote-config.js","messaging":"https://www.gstatic.com/firebasejs/10.4.0/firebase-messaging.js","messaging/sw":"https://www.gstatic.com/firebasejs/10.4.0/firebase-messaging/sw.js","database":"https://www.gstatic.com/firebasejs/10.4.0/firebase-database.js","firestore.memory":"https://www.gstatic.com/firebasejs/10.4.0/firebase-firestore.memory.js"}}
[info] i  Skipping write of public/index.html 
[info] 
[info] i  Detected a .git folder at D:\2023 Projects\Projects\curdapp1 
[info] i  Authorizing with GitHub to upload your service account to a GitHub repository's secrets store. 
[info] 
[info] Visit this URL on this device to log in:
[info] https://github.com/login/oauth/authorize?client_id=89cf50f02ac6aaed3484&state=83604354&redirect_uri=http%3A%2F%2Flocalhost%3A9005&scope=read%3Auser%20repo%20public_repo
[info] 
[info] Waiting for authentication...
[debug] [2023-09-22T14:58:58.099Z] >>> [apiv2][query] POST https://github.com/login/oauth/access_token [none]
[debug] [2023-09-22T14:58:58.099Z] >>> [apiv2][body] POST https://github.com/login/oauth/access_token [stream]
[debug] [2023-09-22T14:58:58.699Z] <<< [apiv2][status] POST https://github.com/login/oauth/access_token 200
[debug] [2023-09-22T14:58:58.699Z] <<< [apiv2][body] POST https://github.com/login/oauth/access_token {"access_token":"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","token_type":"bearer","scope":"read:user,repo"}
[debug] [2023-09-22T14:58:58.707Z] >>> [apiv2][query] GET https://api.github.com/user [none]
[debug] [2023-09-22T14:58:59.147Z] <<< [apiv2][status] GET https://api.github.com/user 200
[debug] [2023-09-22T14:58:59.148Z] <<< [apiv2][body] GET https://api.github.com/user {"login":"ArjunChoudhary2","id":105961121,"node_id":"U_kgDOBlDWoQ","avatar_url":"https://avatars.githubusercontent.com/u/105961121?v=4","gravatar_id":"","url":"https://api.github.com/users/ArjunChoudhary2","html_url":"https://github.com/ArjunChoudhary2","followers_url":"https://api.github.com/users/ArjunChoudhary2/followers","following_url":"https://api.github.com/users/ArjunChoudhary2/following{/other_user}","gists_url":"https://api.github.com/users/ArjunChoudhary2/gists{/gist_id}","starred_url":"https://api.github.com/users/ArjunChoudhary2/starred{/owner}{/repo}","subscriptions_url":"https://api.github.com/users/ArjunChoudhary2/subscriptions","organizations_url":"https://api.github.com/users/ArjunChoudhary2/orgs","repos_url":"https://api.github.com/users/ArjunChoudhary2/repos","events_url":"https://api.github.com/users/ArjunChoudhary2/events{/privacy}","received_events_url":"https://api.github.com/users/ArjunChoudhary2/received_events","type":"User","site_admin":false,"name":"Arjun Choudhary","company":"Cognizant","blog":"","location":"Pune","email":null,"hireable":null,"bio":null,"twitter_username":null,"public_repos":9,"public_gists":0,"followers":2,"following":2,"created_at":"2022-05-21T04:44:51Z","updated_at":"2023-09-22T14:36:10Z","private_gists":0,"total_private_repos":1,"owned_private_repos":1,"disk_usage":3144,"collaborators":0,"two_factor_authentication":false,"plan":{"name":"free","space":976562499,"collaborators":0,"private_repos":10000}}
[info] 
[info] +  Success! Logged into GitHub as ArjunChoudhary2 
[info] 
[debug] [2023-09-22T15:00:31.749Z] >>> [apiv2][query] GET https://api.github.com/repos/ArjunChoudhary2/crudapp1/actions/secrets/public-key type=owner
[debug] [2023-09-22T15:00:32.088Z] <<< [apiv2][status] GET https://api.github.com/repos/ArjunChoudhary2/crudapp1/actions/secrets/public-key 404
[debug] [2023-09-22T15:00:32.088Z] <<< [apiv2][body] GET https://api.github.com/repos/ArjunChoudhary2/crudapp1/actions/secrets/public-key {"message":"Not Found","documentation_url":"https://docs.github.com/rest/actions/secrets#get-a-repository-public-key"}
[info] 
[info] 
[error] !  The provided authorization cannot be used with this repository. If this repository is in an organization, did you remember to grant access? 
[info] 
[info] i  Action required: Visit this URL to ensure access has been granted to the appropriate organization(s) for the Firebase CLI GitHub OAuth App: 
[info] https://github.com/settings/connections/applications/89cf50f02ac6aaed3484
[info] 
[debug] [2023-09-22T15:04:27.738Z] ----------------------------------------------------------------------
[debug] [2023-09-22T15:04:27.742Z] Command:       C:\Program Files\nodejs\node.exe C:\Users\arjun\AppData\Roaming\npm\node_modules\firebase-tools\lib\bin\firebase.js init
[debug] [2023-09-22T15:04:27.742Z] CLI Version:   12.5.4
[debug] [2023-09-22T15:04:27.743Z] Platform:      win32
[debug] [2023-09-22T15:04:27.743Z] Node Version:  v18.13.0
[debug] [2023-09-22T15:04:27.744Z] Time:          Fri Sep 22 2023 20:34:27 GMT+0530 (India Standard Time)
[debug] [2023-09-22T15:04:27.745Z] ----------------------------------------------------------------------
[debug] 
[debug] [2023-09-22T15:04:27.758Z] > command requires scopes: ["email","openid","https://www.googleapis.com/auth/cloudplatformprojects.readonly","https://www.googleapis.com/auth/firebase","https://www.googleapis.com/auth/cloud-platform"]
[debug] [2023-09-22T15:04:27.759Z] > authorizing via signed-in user (arjun219207choudhary@gmail.com)
[info] 
     ######## #### ########  ######## ########     ###     ######  ########
     ##        ##  ##     ## ##       ##     ##  ##   ##  ##       ##
     ######    ##  ########  ######   ########  #########  ######  ######
     ##        ##  ##    ##  ##       ##     ## ##     ##       ## ##
     ##       #### ##     ## ######## ########  ##     ##  ######  ########

You're about to initialize a Firebase project in this directory:

  D:\2023 Projects\Projects\curdapp1

[info] 
=== Project Setup
[info] 
[info] First, let's associate this project directory with a Firebase project.
[info] You can create multiple project aliases by running firebase use --add, 
[info] but for now we'll just set up a default project.
[info] 
[info] i  If you want to create a project in a Google Cloud organization or folder, please use "firebase projects:create" instead, and return to this command when you've created the project. 
